[2511月2025 14:47:44.430] [main/INFO] [cpw.mods.modlauncher.Launcher/MODLAUNCHER]: ModLauncher running: args [--launchTarget, forgeserverdev, --gameDir, ., --fml.fmlVersion, 4.0.42, --fml.mcVersion, 1.21.1, --fml.neoForgeVersion, 21.1.211, --fml.neoFormVersion, 20240808.144430, --nogui]
[2511月2025 14:47:44.434] [main/INFO] [cpw.mods.modlauncher.Launcher/MODLAUNCHER]: JVM identified as JetBrains s.r.o. OpenJDK 64-Bit Server VM 21.0.9+1-b1038.75
[2511月2025 14:47:44.435] [main/INFO] [cpw.mods.modlauncher.Launcher/MODLAUNCHER]: ModLauncher 11.0.5+main.901c6ea8 starting: java version 21.0.9 by JetBrains s.r.o.; OS Windows 11 arch amd64 version 10.0
[2511月2025 14:47:44.561] [main/INFO] [net.neoforged.fml.loading.ImmediateWindowHandler/]: ImmediateWindowProvider not loading because launch target is forgeserverdev
[2511月2025 14:47:44.627] [main/INFO] [mixin/]: SpongePowered MIXIN Subsystem Version=0.8.7 Source=union:/C:/Users/heerh/.gradle/caches/modules-2/files-2.1/net.fabricmc/sponge-mixin/0.15.2+mixin.0.8.7/2af2f021d8e02a0220dc27a7a72b4666d66d44ca/sponge-mixin-0.15.2+mixin.0.8.7.jar%23102!/ Service=ModLauncher Env=SERVER
[2511月2025 14:47:45.292] [main/INFO] [net.neoforged.fml.loading.moddiscovery.locators.JarInJarDependencyLocator/]: Found 4 dependencies adding them to mods collection
[2511月2025 14:47:45.294] [main/INFO] [net.neoforged.fml.loading.moddiscovery.ModDiscoverer/]: 
     Mod List:
		Name Version (Mod Id)

		Applied Energistics 2 19.2.17 (ae2)
		AppliedWebhook 1.0-SNAPSHOT (appliedwebhook)
		GuideME 21.1.1 (guideme)
		Homo Http Router 1.2.1 (homohttprouter)
		Minecraft 1.21.1 (minecraft)
		NeoForge 21.1.211 (neoforge)
[2511月2025 14:47:46.392] [main/INFO] [mixin/]: Compatibility level set to JAVA_21
[2511月2025 14:47:46.403] [main/INFO] [cpw.mods.modlauncher.LaunchServiceHandler/MODLAUNCHER]: Launching target 'forgeserverdev' with arguments [--gameDir, ., --nogui]
[2511月2025 14:47:47.973] [main/INFO] [MixinExtras|Service/]: Initializing MixinExtras via com.llamalad7.mixinextras.service.MixinExtrasServiceImpl(version=0.5.0).
[2511月2025 14:47:52.741] [main/WARN] [net.minecraft.commands.Commands/]: Ambiguity between arguments [teleport, location] and [teleport, destination] with inputs: [0.1 -0.5 .9, 0 0 0]
[2511月2025 14:47:52.742] [main/WARN] [net.minecraft.commands.Commands/]: Ambiguity between arguments [teleport, location] and [teleport, targets] with inputs: [0.1 -0.5 .9, 0 0 0]
[2511月2025 14:47:52.747] [main/WARN] [net.minecraft.commands.Commands/]: Ambiguity between arguments [teleport, destination] and [teleport, targets] with inputs: [Player, 0123, @e, dd12be42-52a9-4a91-a8a1-11c01849e498]
[2511月2025 14:47:52.748] [main/WARN] [net.minecraft.commands.Commands/]: Ambiguity between arguments [teleport, targets] and [teleport, destination] with inputs: [Player, 0123, dd12be42-52a9-4a91-a8a1-11c01849e498]
[2511月2025 14:47:52.750] [main/WARN] [net.minecraft.commands.Commands/]: Ambiguity between arguments [teleport, targets, location] and [teleport, targets, destination] with inputs: [0.1 -0.5 .9, 0 0 0]
[2511月2025 14:47:52.820] [modloading-worker-0/INFO] [net.neoforged.neoforge.common.NeoForgeMod/NEOFORGE-MOD]: NeoForge mod loading, version 21.1.211, for MC 1.21.1
[2511月2025 14:47:53.605] [modloading-sync-worker/WARN] [net.neoforged.fml.config.ConfigTracker/CONFIG]: Configuration file S:\personal_repos\repos_mc\AppliedWebhook\run\config\appliedwebhook-common.toml is not correct. Correcting
[2511月2025 14:47:53.613] [modloading-worker-0/INFO] [top.realme.mc.homohttprouter.HomoHttpRouter/]: HomoHttpRouter common setup
[2511月2025 14:47:53.741] [main/INFO] [com.mojang.authlib.yggdrasil.YggdrasilAuthenticationService/]: Environment: Environment[sessionHost=https://sessionserver.mojang.com, servicesHost=https://api.minecraftservices.com, name=PROD]
[2511月2025 14:47:53.840] [main/WARN] [net.minecraft.server.packs.VanillaPackResourcesBuilder/]: Assets URL 'union:/S:/personal_repos/repos_mc/AppliedWebhook/build/moddev/artifacts/neoforge-21.1.211.jar%23137!/assets/.mcassetsroot' uses unexpected schema
[2511月2025 14:47:53.840] [main/WARN] [net.minecraft.server.packs.VanillaPackResourcesBuilder/]: Assets URL 'union:/S:/personal_repos/repos_mc/AppliedWebhook/build/moddev/artifacts/neoforge-21.1.211.jar%23137!/data/.mcassetsroot' uses unexpected schema
[2511月2025 14:47:54.657] [Worker-Main-3/INFO] [AE2:C/]: Scanning class appeng.server.testplots.AutoCraftingTestPlots for plots
[2511月2025 14:47:54.660] [Worker-Main-3/INFO] [AE2:C/]: Scanning class appeng.server.testplots.SpawnExtraGridTestTools for plots
[2511月2025 14:47:54.661] [Worker-Main-3/INFO] [AE2:C/]: Scanning class appeng.server.testplots.PatternProviderPlots for plots
[2511月2025 14:47:54.661] [Worker-Main-3/INFO] [AE2:C/]: Scanning class appeng.server.testplots.CrystalResonanceGeneratorTestPlots for plots
[2511月2025 14:47:54.661] [Worker-Main-3/INFO] [AE2:C/]: Scanning class appeng.server.testplots.InterfaceTestPlots for plots
[2511月2025 14:47:54.661] [Worker-Main-3/INFO] [AE2:C/]: Scanning class appeng.server.testplots.PatternProviderLockModePlots for plots
[2511月2025 14:47:54.661] [Worker-Main-3/INFO] [AE2:C/]: Scanning class appeng.server.testplots.ItemP2PTestPlots for plots
[2511月2025 14:47:54.662] [Worker-Main-3/INFO] [AE2:C/]: Scanning class appeng.server.testplots.InvalidPatternTestPlot for plots
[2511月2025 14:47:54.662] [Worker-Main-3/INFO] [AE2:C/]: Scanning class appeng.server.testplots.MemoryCardTestPlots for plots
[2511月2025 14:47:54.664] [Worker-Main-3/INFO] [AE2:C/]: Scanning class appeng.server.testplots.AnnihilationPlaneTests for plots
[2511月2025 14:47:54.665] [Worker-Main-3/INFO] [AE2:C/]: Scanning class appeng.server.testplots.InscriberTestPlots for plots
[2511月2025 14:47:54.677] [Worker-Main-3/INFO] [AE2:C/]: Scanning class appeng.server.testplots.GuidebookPlot for plots
[2511月2025 14:47:54.677] [Worker-Main-3/INFO] [AE2:C/]: Scanning class appeng.server.testplots.SubnetPlots for plots
[2511月2025 14:47:54.678] [Worker-Main-3/INFO] [AE2:C/]: Scanning class appeng.server.testplots.P2PTestPlots for plots
[2511月2025 14:47:54.679] [Worker-Main-3/INFO] [AE2:C/]: Scanning class appeng.server.testplots.QnbTestPlots for plots
[2511月2025 14:47:54.679] [Worker-Main-3/INFO] [AE2:C/]: Scanning class appeng.server.testplots.ExternalEnergyTestPlots for plots
[2511月2025 14:47:54.680] [Worker-Main-3/INFO] [AE2:C/]: Scanning class appeng.server.testplots.ChannelTests for plots
[2511月2025 14:47:54.680] [Worker-Main-3/INFO] [AE2:C/]: Scanning class appeng.server.testplots.TestPlots for plots
[2511月2025 14:47:54.681] [Worker-Main-3/INFO] [AE2:C/]: Scanning class appeng.server.testplots.SpatialTestPlots for plots
[2511月2025 14:47:54.987] [main/INFO] [net.minecraft.world.item.crafting.RecipeManager/]: Loaded 1781 recipes
[2511月2025 14:47:55.179] [main/INFO] [net.minecraft.advancements.AdvancementTree/]: Loaded 1806 advancements
[2511月2025 14:47:55.703] [Server thread/INFO] [net.minecraft.server.dedicated.DedicatedServer/]: Starting minecraft server version 1.21.1
[2511月2025 14:47:55.704] [Server thread/INFO] [net.minecraft.server.dedicated.DedicatedServer/]: Loading properties
[2511月2025 14:47:55.704] [Server thread/INFO] [net.minecraft.server.dedicated.DedicatedServer/]: Default game type: SURVIVAL
[2511月2025 14:47:55.704] [Server thread/INFO] [net.minecraft.server.MinecraftServer/]: Generating keypair
[2511月2025 14:47:55.768] [Server thread/INFO] [net.minecraft.server.dedicated.DedicatedServer/]: Starting Minecraft server on *:25565
[2511月2025 14:47:55.844] [Server thread/INFO] [net.minecraft.server.network.ServerConnectionListener/]: Using default channel type
[2511月2025 14:47:55.889] [Server thread/WARN] [net.minecraft.server.dedicated.DedicatedServer/]: **** SERVER IS RUNNING IN OFFLINE/INSECURE MODE!
[2511月2025 14:47:55.889] [Server thread/WARN] [net.minecraft.server.dedicated.DedicatedServer/]: The server will make no attempt to authenticate usernames. Beware.
[2511月2025 14:47:55.889] [Server thread/WARN] [net.minecraft.server.dedicated.DedicatedServer/]: While this makes the game possible to play without internet access, it also opens up the ability for hackers to connect with any username they choose.
[2511月2025 14:47:55.889] [Server thread/WARN] [net.minecraft.server.dedicated.DedicatedServer/]: To change this, set "online-mode" to "true" in the server.properties file.
[2511月2025 14:47:55.929] [Server thread/INFO] [net.minecraft.server.dedicated.DedicatedServer/]: Preparing level "world"
[2511月2025 14:47:56.966] [Server thread/INFO] [net.minecraft.server.MinecraftServer/]: Preparing start region for dimension minecraft:overworld
[2511月2025 14:47:57.188] [worldgen/INFO] [net.minecraft.server.level.progress.LoggerChunkProgressListener/]: Preparing spawn area: 0%
[2511月2025 14:47:57.251] [Server thread/INFO] [net.minecraft.server.level.progress.LoggerChunkProgressListener/]: Time elapsed: 285 ms
[2511月2025 14:47:57.252] [Server thread/INFO] [net.minecraft.server.dedicated.DedicatedServer/]: Done (1.348s)! For help, type "help"
[2511月2025 14:47:57.288] [Server thread/INFO] [net.neoforged.neoforge.gametest.GameTestHooks/]: Enabled Gametest Namespaces: [appliedwebhook]
[2511月2025 14:47:57.290] [Server thread/INFO] [net.neoforged.neoforge.server.permission.PermissionAPI/]: Successfully initialized permission handler neoforge:default_handler
[2511月2025 14:47:57.346] [Server thread/INFO] [top.realme.mc.homohttprouter.http.HttpServerManager/]: Netty HTTP server started at http://0.0.0.0:11451/
[2511月2025 14:47:57.348] [Server thread/INFO] [top.realme.AppliedWebhook.AppliedWebhook/]: 
[2511月2025 14:48:03.899] [Server thread/INFO] [net.minecraft.server.players.PlayerList/]: Heer_Kaisair[/127.0.0.1:4658] logged in with entity id 3 at (-139.97929148734514, 108.0, -144.85959005035798)
[2511月2025 14:48:03.973] [Server thread/INFO] [net.minecraft.server.MinecraftServer/]: Heer_Kaisair joined the game
[2511月2025 14:48:21.159] [Server thread/INFO] [appeng.crafting.execution.CraftingCpuLogic/]: finishJob
[2511月2025 14:52:09.859] [Server thread/INFO] [appeng.crafting.execution.CraftingCpuLogic/]: finishJob
[2511月2025 14:53:15.354] [Server thread/INFO] [appeng.crafting.execution.CraftingCpuLogic/]: finishJob
[2511月2025 14:56:20.754] [Server thread/INFO] [appeng.crafting.execution.CraftingCpuLogic/]: finishJob
